  Ispit4.cpp
C:\Users\Emir\source\repos\Ispit4\Ispit4\Ispit4.cpp(251,17): warning C4129: '.': unrecognized character escape sequence
C:\Users\Emir\source\repos\Ispit4\Ispit4\Ispit4.cpp(291,26): warning C4018: '<': signed/unsigned mismatch
C:\Users\Emir\source\repos\Ispit4\Ispit4\Ispit4.cpp(315,25): warning C4018: '<': signed/unsigned mismatch
C:\Users\Emir\source\repos\Ispit4\Ispit4\Ispit4.cpp(331,25): warning C4018: '<': signed/unsigned mismatch
C:\Users\Emir\source\repos\Ispit4\Ispit4\Ispit4.cpp(355,13): warning C4326: return type of 'main' should be 'int' instead of 'void'
C:\Users\Emir\source\repos\Ispit4\Ispit4\Ispit4.cpp(99,2): warning C4018: '<=': signed/unsigned mismatch
C:\Users\Emir\source\repos\Ispit4\Ispit4\Ispit4.cpp(91): message : while compiling class template member function 'Dictionary<int,int> Dictionary<int,int>::getRange(int,int)'
C:\Users\Emir\source\repos\Ispit4\Ispit4\Ispit4.cpp(386): message : see reference to function template instantiation 'Dictionary<int,int> Dictionary<int,int>::getRange(int,int)' being compiled
C:\Users\Emir\source\repos\Ispit4\Ispit4\Ispit4.cpp(378): message : see reference to class template instantiation 'Dictionary<int,int>' being compiled
C:\Users\Emir\source\repos\Ispit4\Ispit4\Ispit4.cpp(77,2): warning C4018: '<': signed/unsigned mismatch
C:\Users\Emir\source\repos\Ispit4\Ispit4\Ispit4.cpp(73): message : while compiling class template member function 'void Dictionary<int,int>::AddElement(const T1 &,const T2 &)'
          with
          [
              T1=int,
              T2=int
          ]
C:\Users\Emir\source\repos\Ispit4\Ispit4\Ispit4.cpp(380): message : see reference to function template instantiation 'void Dictionary<int,int>::AddElement(const T1 &,const T2 &)' being compiled
          with
          [
              T1=int,
              T2=int
          ]
C:\Users\Emir\source\repos\Ispit4\Ispit4\Ispit4.cpp(68,2): warning C4018: '<': signed/unsigned mismatch
C:\Users\Emir\source\repos\Ispit4\Ispit4\Ispit4.cpp(67): message : while compiling class template member function 'std::ostream &operator <<(std::ostream &,const Dictionary<int,int> &)'
C:\Users\Emir\source\repos\Ispit4\Ispit4\Ispit4.cpp(387): message : see reference to function template instantiation 'std::ostream &operator <<(std::ostream &,const Dictionary<int,int> &)' being compiled
C:\Users\Emir\source\repos\Ispit4\Ispit4\Ispit4.cpp(51,2): warning C4018: '<': signed/unsigned mismatch
C:\Users\Emir\source\repos\Ispit4\Ispit4\Ispit4.cpp(43): message : while compiling class template member function 'Dictionary<int,int> &Dictionary<int,int>::operator =(const Dictionary<int,int> &)'
C:\Users\Emir\source\repos\Ispit4\Ispit4\Ispit4.cpp(400): message : see reference to function template instantiation 'Dictionary<int,int> &Dictionary<int,int>::operator =(const Dictionary<int,int> &)' being compiled
C:\Users\Emir\source\repos\Ispit4\Ispit4\Ispit4.cpp(36,2): warning C4018: '<': signed/unsigned mismatch
C:\Users\Emir\source\repos\Ispit4\Ispit4\Ispit4.cpp(32): message : while compiling class template member function 'Dictionary<int,int>::Dictionary(const Dictionary<int,int> &)'
C:\Users\Emir\source\repos\Ispit4\Ispit4\Ispit4.cpp(396): message : see reference to function template instantiation 'Dictionary<int,int>::Dictionary(const Dictionary<int,int> &)' being compiled
  Ispit4.vcxproj -> C:\Users\Emir\source\repos\Ispit4\Debug\Ispit4.exe
